<?xml version="1.0" encoding="UTF-8"?>
<!-- Generated by org.testng.reporters.JUnitXMLReporter -->
<testsuite hostname="DESKTOP-UVENGDO" ignored="0" name="Default test" tests="1" failures="1" timestamp="13 окт 2017 07:25:39 GMT" time="704.753" errors="0">
  <testcase name="testMinus2Operands" time="691.647" classname="GroupCalc.Calculator.test.Div2Operands">
    <failure type="org.openqa.selenium.WebDriverException" message="Session not found: 7a06f434-a9e6-4506-a44a-fc736fc4bc9c
Command duration or timeout: 240 milliseconds
Build info: version: &amp;apos;2.53.1&amp;apos;, revision: &amp;apos;a36b8b1cd5757287168e54b817830adce9b0158d&amp;apos;, time: &amp;apos;2016-06-30 19:26:09&amp;apos;
System info: host: &amp;apos;DESKTOP-UVENGDO&amp;apos;, ip: &amp;apos;10.0.0.20&amp;apos;, os.name: &amp;apos;Windows 10&amp;apos;, os.arch: &amp;apos;amd64&amp;apos;, os.version: &amp;apos;10.0&amp;apos;, java.version: &amp;apos;1.8.0_131&amp;apos;
Driver info: org.openqa.selenium.firefox.FirefoxDriver
Capabilities [{applicationCacheEnabled=true, rotatable=false, handlesAlerts=true, databaseEnabled=true, version=45.9.0, platform=WINDOWS, nativeEvents=false, acceptSslCerts=true, webStorageEnabled=true, locationContextEnabled=true, browserName=firefox, takesScreenshot=true, javascriptEnabled=true, cssSelectorsEnabled=true}]
Session ID: 7a06f434-a9e6-4506-a44a-fc736fc4bc9c
*** Element info: {Using=id, value=result}">
      <![CDATA[org.openqa.selenium.WebDriverException: Session not found: 7a06f434-a9e6-4506-a44a-fc736fc4bc9c
Command duration or timeout: 240 milliseconds
Build info: version: '2.53.1', revision: 'a36b8b1cd5757287168e54b817830adce9b0158d', time: '2016-06-30 19:26:09'
System info: host: 'DESKTOP-UVENGDO', ip: '10.0.0.20', os.name: 'Windows 10', os.arch: 'amd64', os.version: '10.0', java.version: '1.8.0_131'
Driver info: org.openqa.selenium.firefox.FirefoxDriver
Capabilities [{applicationCacheEnabled=true, rotatable=false, handlesAlerts=true, databaseEnabled=true, version=45.9.0, platform=WINDOWS, nativeEvents=false, acceptSslCerts=true, webStorageEnabled=true, locationContextEnabled=true, browserName=firefox, takesScreenshot=true, javascriptEnabled=true, cssSelectorsEnabled=true}]
Session ID: 7a06f434-a9e6-4506-a44a-fc736fc4bc9c
*** Element info: {Using=id, value=result}
	at sun.reflect.NativeConstructorAccessorImpl.newInstance0(Native Method)
	at sun.reflect.NativeConstructorAccessorImpl.newInstance(Unknown Source)
	at sun.reflect.DelegatingConstructorAccessorImpl.newInstance(Unknown Source)
	at java.lang.reflect.Constructor.newInstance(Unknown Source)
	at org.openqa.selenium.remote.ErrorHandler.createThrowable(ErrorHandler.java:206)
	at org.openqa.selenium.remote.ErrorHandler.throwIfResponseFailed(ErrorHandler.java:158)
	at org.openqa.selenium.remote.RemoteWebDriver.execute(RemoteWebDriver.java:678)
	at org.openqa.selenium.remote.RemoteWebDriver.findElement(RemoteWebDriver.java:363)
	at org.openqa.selenium.remote.RemoteWebDriver.findElementById(RemoteWebDriver.java:413)
	at org.openqa.selenium.By$ById.findElement(By.java:218)
	at org.openqa.selenium.remote.RemoteWebDriver.findElement(RemoteWebDriver.java:355)
	at GroupCalc.Calculator.appmanager.HelperBase.getResult(HelperBase.java:37)
	at GroupCalc.Calculator.appmanager.PressHelper.equalityForDivision(PressHelper.java:72)
	at GroupCalc.Calculator.test.Div2Operands.testMinus2Operands(Div2Operands.java:24)
	at sun.reflect.NativeMethodAccessorImpl.invoke0(Native Method)
	at sun.reflect.NativeMethodAccessorImpl.invoke(Unknown Source)
	at sun.reflect.DelegatingMethodAccessorImpl.invoke(Unknown Source)
	at java.lang.reflect.Method.invoke(Unknown Source)
	at org.testng.internal.MethodInvocationHelper.invokeMethod(MethodInvocationHelper.java:108)
	at org.testng.internal.Invoker.invokeMethod(Invoker.java:661)
	at org.testng.internal.Invoker.invokeTestMethod(Invoker.java:869)
	at org.testng.internal.Invoker.invokeTestMethods(Invoker.java:1193)
	at org.testng.internal.TestMethodWorker.invokeTestMethods(TestMethodWorker.java:126)
	at org.testng.internal.TestMethodWorker.run(TestMethodWorker.java:109)
	at org.testng.TestRunner.privateRun(TestRunner.java:744)
	at org.testng.TestRunner.run(TestRunner.java:602)
	at org.testng.SuiteRunner.runTest(SuiteRunner.java:380)
	at org.testng.SuiteRunner.runSequentially(SuiteRunner.java:375)
	at org.testng.SuiteRunner.privateRun(SuiteRunner.java:340)
	at org.testng.SuiteRunner.run(SuiteRunner.java:289)
	at org.testng.SuiteRunnerWorker.runSuite(SuiteRunnerWorker.java:52)
	at org.testng.SuiteRunnerWorker.run(SuiteRunnerWorker.java:86)
	at org.testng.TestNG.runSuitesSequentially(TestNG.java:1301)
	at org.testng.TestNG.runSuitesLocally(TestNG.java:1226)
	at org.testng.TestNG.runSuites(TestNG.java:1144)
	at org.testng.TestNG.run(TestNG.java:1115)
	at org.testng.remote.AbstractRemoteTestNG.run(AbstractRemoteTestNG.java:114)
	at org.testng.remote.RemoteTestNG.initAndRun(RemoteTestNG.java:251)
	at org.testng.remote.RemoteTestNG.main(RemoteTestNG.java:77)
Caused by: org.openqa.selenium.WebDriverException: Session not found: 7a06f434-a9e6-4506-a44a-fc736fc4bc9c
Build info: version: '2.53.1', revision: 'a36b8b1cd5757287168e54b817830adce9b0158d', time: '2016-06-30 19:26:09'
System info: host: 'DESKTOP-UVENGDO', ip: '10.0.0.20', os.name: 'Windows 10', os.arch: 'amd64', os.version: '10.0', java.version: '1.8.0_131'
Driver info: driver.version: unknown
	at <anonymous class>.nsCommandProcessor.prototype.execute(file:///C:/Users/DENISL~1/AppData/Local/Temp/anonymous7105312307712518357webdriver-profile/extensions/fxdriver@googlecode.com/components/command-processor.js:12704)
	at <anonymous class>.Dispatcher.executeAs/<(file:///C:/Users/DENISL~1/AppData/Local/Temp/anonymous7105312307712518357webdriver-profile/extensions/fxdriver@googlecode.com/components/driver-component.js:9558)
	at <anonymous class>.Resource.prototype.handle(file:///C:/Users/DENISL~1/AppData/Local/Temp/anonymous7105312307712518357webdriver-profile/extensions/fxdriver@googlecode.com/components/driver-component.js:9705)
	at <anonymous class>.Dispatcher.prototype.dispatch(file:///C:/Users/DENISL~1/AppData/Local/Temp/anonymous7105312307712518357webdriver-profile/extensions/fxdriver@googlecode.com/components/driver-component.js:9652)
	at <anonymous class>.WebDriverServer/<.handle(file:///C:/Users/DENISL~1/AppData/Local/Temp/anonymous7105312307712518357webdriver-profile/extensions/fxdriver@googlecode.com/components/driver-component.js:12517)
	at <anonymous class>.createHandlerFunc/<(file:///C:/Users/DENISL~1/AppData/Local/Temp/anonymous7105312307712518357webdriver-profile/extensions/fxdriver@googlecode.com/components/httpd.js:2054)
	at <anonymous class>.ServerHandler.prototype.handleResponse(file:///C:/Users/DENISL~1/AppData/Local/Temp/anonymous7105312307712518357webdriver-profile/extensions/fxdriver@googlecode.com/components/httpd.js:2387)
	at <anonymous class>.Connection.prototype.process(file:///C:/Users/DENISL~1/AppData/Local/Temp/anonymous7105312307712518357webdriver-profile/extensions/fxdriver@googlecode.com/components/httpd.js:1223)
	at <anonymous class>.RequestReader.prototype._handleResponse(file:///C:/Users/DENISL~1/AppData/Local/Temp/anonymous7105312307712518357webdriver-profile/extensions/fxdriver@googlecode.com/components/httpd.js:1677)
	at <anonymous class>.RequestReader.prototype._processBody(file:///C:/Users/DENISL~1/AppData/Local/Temp/anonymous7105312307712518357webdriver-profile/extensions/fxdriver@googlecode.com/components/httpd.js:1525)
	at <anonymous class>.RequestReader.prototype.onInputStreamReady(file:///C:/Users/DENISL~1/AppData/Local/Temp/anonymous7105312307712518357webdriver-profile/extensions/fxdriver@googlecode.com/components/httpd.js:1393)
	at <anonymous class>.openModalWindow(resource://gre/components/nsPrompter.js:360)
	at <anonymous class>.ModalPrompter.prototype.openPrompt(resource://gre/components/nsPrompter.js:550)
	at <anonymous class>.ModalPrompter.prototype.alert(resource://gre/components/nsPrompter.js:602)
	at <anonymous class>.ObservingAlert.prototype.alert(file:///C:/Users/DENISL~1/AppData/Local/Temp/anonymous7105312307712518357webdriver-profile/extensions/fxdriver@googlecode.com/components/prompt-service.js:4745)
	at <anonymous class>.actionM(https://normal-calc.ru/instruments/calc_trio/js/function.js:75)
	at <anonymous class>.proeSSing(https://normal-calc.ru/instruments/calc_trio/js/function.js:12)
	at <anonymous class>.calculator_main.onclick(https://normal-calc.ru/instruments/calc_trio/js/calc.js:39)
	at <anonymous class>.SyntheticMouse.EventEmitter.prototype.fireMouseEvent(file:///C:/Users/DENISL~1/AppData/Local/Temp/anonymous7105312307712518357webdriver-profile/extensions/fxdriver@googlecode.com/components/synthetic-mouse.js:11300)
	at <anonymous class>.bot.Device.prototype.fireMouseEvent(file:///C:/Users/DENISL~1/AppData/Local/Temp/anonymous7105312307712518357webdriver-profile/extensions/fxdriver@googlecode.com/components/synthetic-mouse.js:9660)
	at <anonymous class>.bot.Mouse.prototype.fireMouseEvent_(file:///C:/Users/DENISL~1/AppData/Local/Temp/anonymous7105312307712518357webdriver-profile/extensions/fxdriver@googlecode.com/components/synthetic-mouse.js:10180)
	at <anonymous class>.bot.Mouse.prototype.releaseButton(file:///C:/Users/DENISL~1/AppData/Local/Temp/anonymous7105312307712518357webdriver-profile/extensions/fxdriver@googlecode.com/components/synthetic-mouse.js:10129)
	at <anonymous class>.bot.action.click(file:///C:/Users/DENISL~1/AppData/Local/Temp/anonymous7105312307712518357webdriver-profile/extensions/fxdriver@googlecode.com/components/synthetic-mouse.js:10790)
	at <anonymous class>.SyntheticMouse.prototype.click(file:///C:/Users/DENISL~1/AppData/Local/Temp/anonymous7105312307712518357webdriver-profile/extensions/fxdriver@googlecode.com/components/synthetic-mouse.js:11206)
	at <anonymous class>.WebElement.clickElement(file:///C:/Users/DENISL~1/AppData/Local/Temp/anonymous7105312307712518357webdriver-profile/extensions/fxdriver@googlecode.com/components/command-processor.js:12088)
	at <anonymous class>.DelayedCommand.prototype.executeInternal_/h(file:///C:/Users/DENISL~1/AppData/Local/Temp/anonymous7105312307712518357webdriver-profile/extensions/fxdriver@googlecode.com/components/command-processor.js:12661)
	at <anonymous class>.DelayedCommand.prototype.executeInternal_(file:///C:/Users/DENISL~1/AppData/Local/Temp/anonymous7105312307712518357webdriver-profile/extensions/fxdriver@googlecode.com/components/command-processor.js:12666)
	at <anonymous class>.DelayedCommand.prototype.execute/<(file:///C:/Users/DENISL~1/AppData/Local/Temp/anonymous7105312307712518357webdriver-profile/extensions/fxdriver@googlecode.com/components/command-processor.js:12608)
]]>
    </failure>
  </testcase> <!-- testMinus2Operands -->
</testsuite> <!-- Default test -->
