<html>
<head>
<title>TestNG:  Default test</title>
<link href="../testng.css" rel="stylesheet" type="text/css" />
<link href="../my-testng.css" rel="stylesheet" type="text/css" />

<style type="text/css">
.log { display: none;} 
.stack-trace { display: none;} 
</style>
<script type="text/javascript">
<!--
function flip(e) {
  current = e.style.display;
  if (current == 'block') {
    e.style.display = 'none';
    return 0;
  }
  else {
    e.style.display = 'block';
    return 1;
  }
}

function toggleBox(szDivId, elem, msg1, msg2)
{
  var res = -1;  if (document.getElementById) {
    res = flip(document.getElementById(szDivId));
  }
  else if (document.all) {
    // this is the way old msie versions work
    res = flip(document.all[szDivId]);
  }
  if(elem) {
    if(res == 0) elem.innerHTML = msg1; else elem.innerHTML = msg2;
  }

}

function toggleAllBoxes() {
  if (document.getElementsByTagName) {
    d = document.getElementsByTagName('div');
    for (i = 0; i < d.length; i++) {
      if (d[i].className == 'log') {
        flip(d[i]);
      }
    }
  }
}

// -->
</script>

</head>
<body>
<h2 align='center'>Default test</h2><table border='1' align="center">
<tr>
<td>Tests passed/Failed/Skipped:</td><td>0/1/0</td>
</tr><tr>
<td>Started on:</td><td>Fri Oct 13 10:13:54 MSK 2017</td>
</tr>
<tr><td>Total time:</td><td>704 seconds (704753 ms)</td>
</tr><tr>
<td>Included groups:</td><td></td>
</tr><tr>
<td>Excluded groups:</td><td></td>
</tr>
</table><p/>
<small><i>(Hover the method name to see the test class name)</i></small><p/>
<table width='100%' border='1' class='invocation-failed'>
<tr><td colspan='4' align='center'><b>FAILED TESTS</b></td></tr>
<tr><td><b>Test method</b></td>
<td width="30%"><b>Exception</b></td>
<td width="10%"><b>Time (seconds)</b></td>
<td><b>Instance</b></td>
</tr>
<tr>
<td title='GroupCalc.Calculator.test.Div2Operands.testMinus2Operands()'><b>testMinus2Operands</b><br>Test class: GroupCalc.Calculator.test.Div2Operands</td>
<td><div><pre>org.openqa.selenium.WebDriverException: Session not found: 7a06f434-a9e6-4506-a44a-fc736fc4bc9c
Command duration or timeout: 240 milliseconds
Build info: version: &apos;2.53.1&apos;, revision: &apos;a36b8b1cd5757287168e54b817830adce9b0158d&apos;, time: &apos;2016-06-30 19:26:09&apos;
System info: host: &apos;DESKTOP-UVENGDO&apos;, ip: &apos;10.0.0.20&apos;, os.name: &apos;Windows 10&apos;, os.arch: &apos;amd64&apos;, os.version: &apos;10.0&apos;, java.version: &apos;1.8.0_131&apos;
Driver info: org.openqa.selenium.firefox.FirefoxDriver
Capabilities [{applicationCacheEnabled=true, rotatable=false, handlesAlerts=true, databaseEnabled=true, version=45.9.0, platform=WINDOWS, nativeEvents=false, acceptSslCerts=true, webStorageEnabled=true, locationContextEnabled=true, browserName=firefox, takesScreenshot=true, javascriptEnabled=true, cssSelectorsEnabled=true}]
Session ID: 7a06f434-a9e6-4506-a44a-fc736fc4bc9c
*** Element info: {Using=id, value=result}
	at sun.reflect.NativeConstructorAccessorImpl.newInstance0(Native Method)
	at sun.reflect.NativeConstructorAccessorImpl.newInstance(Unknown Source)
	at sun.reflect.DelegatingConstructorAccessorImpl.newInstance(Unknown Source)
	at java.lang.reflect.Constructor.newInstance(Unknown Source)
	at org.openqa.selenium.remote.ErrorHandler.createThrowable(ErrorHandler.java:206)
	at org.openqa.selenium.remote.ErrorHandler.throwIfResponseFailed(ErrorHandler.java:158)
	at org.openqa.selenium.remote.RemoteWebDriver.execute(RemoteWebDriver.java:678)
	at org.openqa.selenium.remote.RemoteWebDriver.findElement(RemoteWebDriver.java:363)
	at org.openqa.selenium.remote.RemoteWebDriver.findElementById(RemoteWebDriver.java:413)
	at org.openqa.selenium.By$ById.findElement(By.java:218)
	at org.openqa.selenium.remote.RemoteWebDriver.findElement(RemoteWebDriver.java:355)
	at GroupCalc.Calculator.appmanager.HelperBase.getResult(HelperBase.java:37)
	at GroupCalc.Calculator.appmanager.PressHelper.equalityForDivision(PressHelper.java:72)
	at GroupCalc.Calculator.test.Div2Operands.testMinus2Operands(Div2Operands.java:24)
	at sun.reflect.NativeMethodAccessorImpl.invoke0(Native Method)
	at sun.reflect.NativeMethodAccessorImpl.invoke(Unknown Source)
	at sun.reflect.DelegatingMethodAccessorImpl.invoke(Unknown Source)
	at java.lang.reflect.Method.invoke(Unknown Source)
	at org.testng.internal.MethodInvocationHelper.invokeMethod(MethodInvocationHelper.java:108)
	at org.testng.internal.Invoker.invokeMethod(Invoker.java:661)
	at org.testng.internal.Invoker.invokeTestMethod(Invoker.java:869)
	at org.testng.internal.Invoker.invokeTestMethods(Invoker.java:1193)
	at org.testng.internal.TestMethodWorker.invokeTestMethods(TestMethodWorker.java:126)
	at org.testng.internal.TestMethodWorker.run(TestMethodWorker.java:109)
	at org.testng.TestRunner.privateRun(TestRunner.java:744)
	at org.testng.TestRunner.run(TestRunner.java:602)
	at org.testng.SuiteRunner.runTest(SuiteRunner.java:380)
	at org.testng.SuiteRunner.runSequentially(SuiteRunner.java:375)
	at org.testng.SuiteRunner.privateRun(SuiteRunner.java:340)
	at org.testng.SuiteRunner.run(SuiteRunner.java:289)
	at org.testng.SuiteRunnerWorker.runSuite(SuiteRunnerWorker.java:52)
	at org.testng.SuiteRunnerWorker.run(SuiteRunnerWorker.java:86)
	at org.testng.TestNG.runSuitesSequentially(TestNG.java:1301)
	at org.testng.TestNG.runSuitesLocally(TestNG.java:1226)
	at org.testng.TestNG.runSuites(TestNG.java:1144)
	at org.testng.TestNG.run(TestNG.java:1115)
	at org.testng.remote.AbstractRemoteTestNG.run(AbstractRemoteTestNG.java:114)
	at org.testng.remote.RemoteTestNG.initAndRun(RemoteTestNG.java:251)
	at org.testng.remote.RemoteTestNG.main(RemoteTestNG.java:77)
Caused by: org.openqa.selenium.WebDriverException: Session not found: 7a06f434-a9e6-4506-a44a-fc736fc4bc9c
Build info: version: &apos;2.53.1&apos;, revision: &apos;a36b8b1cd5757287168e54b817830adce9b0158d&apos;, time: &apos;2016-06-30 19:26:09&apos;
System info: host: &apos;DESKTOP-UVENGDO&apos;, ip: &apos;10.0.0.20&apos;, os.name: &apos;Windows 10&apos;, os.arch: &apos;amd64&apos;, os.version: &apos;10.0&apos;, java.version: &apos;1.8.0_131&apos;
Driver info: driver.version: unknown
	at &lt;anonymous class&gt;.nsCommandProcessor.prototype.execute(file:///C:/Users/DENISL~1/AppData/Local/Temp/anonymous7105312307712518357webdriver-profile/extensions/fxdriver@googlecode.com/components/command-processor.js:12704)
	at &lt;anonymous class&gt;.Dispatcher.executeAs/&lt;(file:///C:/Users/DENISL~1/AppData/Local/Temp/anonymous7105312307712518357webdriver-profile/extensions/fxdriver@googlecode.com/components/driver-component.js:9558)
	at &lt;anonymous class&gt;.Resource.prototype.handle(file:///C:/Users/DENISL~1/AppData/Local/Temp/anonymous7105312307712518357webdriver-profile/extensions/fxdriver@googlecode.com/components/driver-component.js:9705)
	at &lt;anonymous class&gt;.Dispatcher.prototype.dispatch(file:///C:/Users/DENISL~1/AppData/Local/Temp/anonymous7105312307712518357webdriver-profile/extensions/fxdriver@googlecode.com/components/driver-component.js:9652)
	at &lt;anonymous class&gt;.WebDriverServer/&lt;.handle(file:///C:/Users/DENISL~1/AppData/Local/Temp/anonymous7105312307712518357webdriver-profile/extensions/fxdriver@googlecode.com/components/driver-component.js:12517)
	at &lt;anonymous class&gt;.createHandlerFunc/&lt;(file:///C:/Users/DENISL~1/AppData/Local/Temp/anonymous7105312307712518357webdriver-profile/extensions/fxdriver@googlecode.com/components/httpd.js:2054)
	at &lt;anonymous class&gt;.ServerHandler.prototype.handleResponse(file:///C:/Users/DENISL~1/AppData/Local/Temp/anonymous7105312307712518357webdriver-profile/extensions/fxdriver@googlecode.com/components/httpd.js:2387)
	at &lt;anonymous class&gt;.Connection.prototype.process(file:///C:/Users/DENISL~1/AppData/Local/Temp/anonymous7105312307712518357webdriver-profile/extensions/fxdriver@googlecode.com/components/httpd.js:1223)
	at &lt;anonymous class&gt;.RequestReader.prototype._handleResponse(file:///C:/Users/DENISL~1/AppData/Local/Temp/anonymous7105312307712518357webdriver-profile/extensions/fxdriver@googlecode.com/components/httpd.js:1677)
	at &lt;anonymous class&gt;.RequestReader.prototype._processBody(file:///C:/Users/DENISL~1/AppData/Local/Temp/anonymous7105312307712518357webdriver-profile/extensions/fxdriver@googlecode.com/components/httpd.js:1525)
	at &lt;anonymous class&gt;.RequestReader.prototype.onInputStreamReady(file:///C:/Users/DENISL~1/AppData/Local/Temp/anonymous7105312307712518357webdriver-profile/extensions/fxdriver@googlecode.com/components/httpd.js:1393)
	at &lt;anonymous class&gt;.openModalWindow(resource://gre/components/nsPrompter.js:360)
	at &lt;anonymous class&gt;.ModalPrompter.prototype.openPrompt(resource://gre/components/nsPrompter.js:550)
	at &lt;anonymous class&gt;.ModalPrompter.prototype.alert(resource://gre/components/nsPrompter.js:602)
	at &lt;anonymous class&gt;.ObservingAlert.prototype.alert(file:///C:/Users/DENISL~1/AppData/Local/Temp/anonymous7105312307712518357webdriver-profile/extensions/fxdriver@googlecode.com/components/prompt-service.js:4745)
	at &lt;anonymous class&gt;.actionM(https://normal-calc.ru/instruments/calc_trio/js/function.js:75)
	at &lt;anonymous class&gt;.proeSSing(https://normal-calc.ru/instruments/calc_trio/js/function.js:12)
	at &lt;anonymous class&gt;.calculator_main.onclick(https://normal-calc.ru/instruments/calc_trio/js/calc.js:39)
	at &lt;anonymous class&gt;.SyntheticMouse.EventEmitter.prototype.fireMouseEvent(file:///C:/Users/DENISL~1/AppData/Local/Temp/anonymous7105312307712518357webdriver-profile/extensions/fxdriver@googlecode.com/components/synthetic-mouse.js:11300)
	at &lt;anonymous class&gt;.bot.Device.prototype.fireMouseEvent(file:///C:/Users/DENISL~1/AppData/Local/Temp/anonymous7105312307712518357webdriver-profile/extensions/fxdriver@googlecode.com/components/synthetic-mouse.js:9660)
	at &lt;anonymous class&gt;.bot.Mouse.prototype.fireMouseEvent_(file:///C:/Users/DENISL~1/AppData/Local/Temp/anonymous7105312307712518357webdriver-profile/extensions/fxdriver@googlecode.com/components/synthetic-mouse.js:10180)
	at &lt;anonymous class&gt;.bot.Mouse.prototype.releaseButton(file:///C:/Users/DENISL~1/AppData/Local/Temp/anonymous7105312307712518357webdriver-profile/extensions/fxdriver@googlecode.com/components/synthetic-mouse.js:10129)
	at &lt;anonymous class&gt;.bot.action.click(file:///C:/Users/DENISL~1/AppData/Local/Temp/anonymous7105312307712518357webdriver-profile/extensions/fxdriver@googlecode.com/components/synthetic-mouse.js:10790)
	at &lt;anonymous class&gt;.SyntheticMouse.prototype.click(file:///C:/Users/DENISL~1/AppData/Local/Temp/anonymous7105312307712518357webdriver-profile/extensions/fxdriver@googlecode.com/components/synthetic-mouse.js:11206)
	at &lt;anonymous class&gt;.WebElement.clickElement(file:///C:/Users/DENISL~1/AppData/Local/Temp/anonymous7105312307712518357webdriver-profile/extensions/fxdriver@googlecode.com/components/command-processor.js:12088)
	at &lt;anonymous class&gt;.DelayedCommand.prototype.executeInternal_/h(file:///C:/Users/DENISL~1/AppData/Local/Temp/anonymous7105312307712518357webdriver-profile/extensions/fxdriver@googlecode.com/components/command-processor.js:12661)
	at &lt;anonymous class&gt;.DelayedCommand.prototype.executeInternal_(file:///C:/Users/DENISL~1/AppData/Local/Temp/anonymous7105312307712518357webdriver-profile/extensions/fxdriver@googlecode.com/components/command-processor.js:12666)
	at &lt;anonymous class&gt;.DelayedCommand.prototype.execute/&lt;(file:///C:/Users/DENISL~1/AppData/Local/Temp/anonymous7105312307712518357webdriver-profile/extensions/fxdriver@googlecode.com/components/command-processor.js:12608)
</pre></div><a href='#' onClick='toggleBox("stack-trace197449185", this, "Click to show all stack frames", "Click to hide stack frames")'>Click to show all stack frames</a>
<div class='stack-trace' id='stack-trace197449185'><pre>org.openqa.selenium.WebDriverException: Session not found: 7a06f434-a9e6-4506-a44a-fc736fc4bc9c
Command duration or timeout: 240 milliseconds
Build info: version: &apos;2.53.1&apos;, revision: &apos;a36b8b1cd5757287168e54b817830adce9b0158d&apos;, time: &apos;2016-06-30 19:26:09&apos;
System info: host: &apos;DESKTOP-UVENGDO&apos;, ip: &apos;10.0.0.20&apos;, os.name: &apos;Windows 10&apos;, os.arch: &apos;amd64&apos;, os.version: &apos;10.0&apos;, java.version: &apos;1.8.0_131&apos;
Driver info: org.openqa.selenium.firefox.FirefoxDriver
Capabilities [{applicationCacheEnabled=true, rotatable=false, handlesAlerts=true, databaseEnabled=true, version=45.9.0, platform=WINDOWS, nativeEvents=false, acceptSslCerts=true, webStorageEnabled=true, locationContextEnabled=true, browserName=firefox, takesScreenshot=true, javascriptEnabled=true, cssSelectorsEnabled=true}]
Session ID: 7a06f434-a9e6-4506-a44a-fc736fc4bc9c
*** Element info: {Using=id, value=result}
	at sun.reflect.NativeConstructorAccessorImpl.newInstance0(Native Method)
	at sun.reflect.NativeConstructorAccessorImpl.newInstance(Unknown Source)
	at sun.reflect.DelegatingConstructorAccessorImpl.newInstance(Unknown Source)
	at java.lang.reflect.Constructor.newInstance(Unknown Source)
	at org.openqa.selenium.remote.ErrorHandler.createThrowable(ErrorHandler.java:206)
	at org.openqa.selenium.remote.ErrorHandler.throwIfResponseFailed(ErrorHandler.java:158)
	at org.openqa.selenium.remote.RemoteWebDriver.execute(RemoteWebDriver.java:678)
	at org.openqa.selenium.remote.RemoteWebDriver.findElement(RemoteWebDriver.java:363)
	at org.openqa.selenium.remote.RemoteWebDriver.findElementById(RemoteWebDriver.java:413)
	at org.openqa.selenium.By$ById.findElement(By.java:218)
	at org.openqa.selenium.remote.RemoteWebDriver.findElement(RemoteWebDriver.java:355)
	at GroupCalc.Calculator.appmanager.HelperBase.getResult(HelperBase.java:37)
	at GroupCalc.Calculator.appmanager.PressHelper.equalityForDivision(PressHelper.java:72)
	at GroupCalc.Calculator.test.Div2Operands.testMinus2Operands(Div2Operands.java:24)
	at sun.reflect.NativeMethodAccessorImpl.invoke0(Native Method)
	at sun.reflect.NativeMethodAccessorImpl.invoke(Unknown Source)
	at sun.reflect.DelegatingMethodAccessorImpl.invoke(Unknown Source)
	at java.lang.reflect.Method.invoke(Unknown Source)
	at org.testng.internal.MethodInvocationHelper.invokeMethod(MethodInvocationHelper.java:108)
	at org.testng.internal.Invoker.invokeMethod(Invoker.java:661)
	at org.testng.internal.Invoker.invokeTestMethod(Invoker.java:869)
	at org.testng.internal.Invoker.invokeTestMethods(Invoker.java:1193)
	at org.testng.internal.TestMethodWorker.invokeTestMethods(TestMethodWorker.java:126)
	at org.testng.internal.TestMethodWorker.run(TestMethodWorker.java:109)
	at org.testng.TestRunner.privateRun(TestRunner.java:744)
	at org.testng.TestRunner.run(TestRunner.java:602)
	at org.testng.SuiteRunner.runTest(SuiteRunner.java:380)
	at org.testng.SuiteRunner.runSequentially(SuiteRunner.java:375)
	at org.testng.SuiteRunner.privateRun(SuiteRunner.java:340)
	at org.testng.SuiteRunner.run(SuiteRunner.java:289)
	at org.testng.SuiteRunnerWorker.runSuite(SuiteRunnerWorker.java:52)
	at org.testng.SuiteRunnerWorker.run(SuiteRunnerWorker.java:86)
	at org.testng.TestNG.runSuitesSequentially(TestNG.java:1301)
	at org.testng.TestNG.runSuitesLocally(TestNG.java:1226)
	at org.testng.TestNG.runSuites(TestNG.java:1144)
	at org.testng.TestNG.run(TestNG.java:1115)
	at org.testng.remote.AbstractRemoteTestNG.run(AbstractRemoteTestNG.java:114)
	at org.testng.remote.RemoteTestNG.initAndRun(RemoteTestNG.java:251)
	at org.testng.remote.RemoteTestNG.main(RemoteTestNG.java:77)
Caused by: org.openqa.selenium.WebDriverException: Session not found: 7a06f434-a9e6-4506-a44a-fc736fc4bc9c
Build info: version: &apos;2.53.1&apos;, revision: &apos;a36b8b1cd5757287168e54b817830adce9b0158d&apos;, time: &apos;2016-06-30 19:26:09&apos;
System info: host: &apos;DESKTOP-UVENGDO&apos;, ip: &apos;10.0.0.20&apos;, os.name: &apos;Windows 10&apos;, os.arch: &apos;amd64&apos;, os.version: &apos;10.0&apos;, java.version: &apos;1.8.0_131&apos;
Driver info: driver.version: unknown
	at &lt;anonymous class&gt;.nsCommandProcessor.prototype.execute(file:///C:/Users/DENISL~1/AppData/Local/Temp/anonymous7105312307712518357webdriver-profile/extensions/fxdriver@googlecode.com/components/command-processor.js:12704)
	at &lt;anonymous class&gt;.Dispatcher.executeAs/&lt;(file:///C:/Users/DENISL~1/AppData/Local/Temp/anonymous7105312307712518357webdriver-profile/extensions/fxdriver@googlecode.com/components/driver-component.js:9558)
	at &lt;anonymous class&gt;.Resource.prototype.handle(file:///C:/Users/DENISL~1/AppData/Local/Temp/anonymous7105312307712518357webdriver-profile/extensions/fxdriver@googlecode.com/components/driver-component.js:9705)
	at &lt;anonymous class&gt;.Dispatcher.prototype.dispatch(file:///C:/Users/DENISL~1/AppData/Local/Temp/anonymous7105312307712518357webdriver-profile/extensions/fxdriver@googlecode.com/components/driver-component.js:9652)
	at &lt;anonymous class&gt;.WebDriverServer/&lt;.handle(file:///C:/Users/DENISL~1/AppData/Local/Temp/anonymous7105312307712518357webdriver-profile/extensions/fxdriver@googlecode.com/components/driver-component.js:12517)
	at &lt;anonymous class&gt;.createHandlerFunc/&lt;(file:///C:/Users/DENISL~1/AppData/Local/Temp/anonymous7105312307712518357webdriver-profile/extensions/fxdriver@googlecode.com/components/httpd.js:2054)
	at &lt;anonymous class&gt;.ServerHandler.prototype.handleResponse(file:///C:/Users/DENISL~1/AppData/Local/Temp/anonymous7105312307712518357webdriver-profile/extensions/fxdriver@googlecode.com/components/httpd.js:2387)
	at &lt;anonymous class&gt;.Connection.prototype.process(file:///C:/Users/DENISL~1/AppData/Local/Temp/anonymous7105312307712518357webdriver-profile/extensions/fxdriver@googlecode.com/components/httpd.js:1223)
	at &lt;anonymous class&gt;.RequestReader.prototype._handleResponse(file:///C:/Users/DENISL~1/AppData/Local/Temp/anonymous7105312307712518357webdriver-profile/extensions/fxdriver@googlecode.com/components/httpd.js:1677)
	at &lt;anonymous class&gt;.RequestReader.prototype._processBody(file:///C:/Users/DENISL~1/AppData/Local/Temp/anonymous7105312307712518357webdriver-profile/extensions/fxdriver@googlecode.com/components/httpd.js:1525)
	at &lt;anonymous class&gt;.RequestReader.prototype.onInputStreamReady(file:///C:/Users/DENISL~1/AppData/Local/Temp/anonymous7105312307712518357webdriver-profile/extensions/fxdriver@googlecode.com/components/httpd.js:1393)
	at &lt;anonymous class&gt;.openModalWindow(resource://gre/components/nsPrompter.js:360)
	at &lt;anonymous class&gt;.ModalPrompter.prototype.openPrompt(resource://gre/components/nsPrompter.js:550)
	at &lt;anonymous class&gt;.ModalPrompter.prototype.alert(resource://gre/components/nsPrompter.js:602)
	at &lt;anonymous class&gt;.ObservingAlert.prototype.alert(file:///C:/Users/DENISL~1/AppData/Local/Temp/anonymous7105312307712518357webdriver-profile/extensions/fxdriver@googlecode.com/components/prompt-service.js:4745)
	at &lt;anonymous class&gt;.actionM(https://normal-calc.ru/instruments/calc_trio/js/function.js:75)
	at &lt;anonymous class&gt;.proeSSing(https://normal-calc.ru/instruments/calc_trio/js/function.js:12)
	at &lt;anonymous class&gt;.calculator_main.onclick(https://normal-calc.ru/instruments/calc_trio/js/calc.js:39)
	at &lt;anonymous class&gt;.SyntheticMouse.EventEmitter.prototype.fireMouseEvent(file:///C:/Users/DENISL~1/AppData/Local/Temp/anonymous7105312307712518357webdriver-profile/extensions/fxdriver@googlecode.com/components/synthetic-mouse.js:11300)
	at &lt;anonymous class&gt;.bot.Device.prototype.fireMouseEvent(file:///C:/Users/DENISL~1/AppData/Local/Temp/anonymous7105312307712518357webdriver-profile/extensions/fxdriver@googlecode.com/components/synthetic-mouse.js:9660)
	at &lt;anonymous class&gt;.bot.Mouse.prototype.fireMouseEvent_(file:///C:/Users/DENISL~1/AppData/Local/Temp/anonymous7105312307712518357webdriver-profile/extensions/fxdriver@googlecode.com/components/synthetic-mouse.js:10180)
	at &lt;anonymous class&gt;.bot.Mouse.prototype.releaseButton(file:///C:/Users/DENISL~1/AppData/Local/Temp/anonymous7105312307712518357webdriver-profile/extensions/fxdriver@googlecode.com/components/synthetic-mouse.js:10129)
	at &lt;anonymous class&gt;.bot.action.click(file:///C:/Users/DENISL~1/AppData/Local/Temp/anonymous7105312307712518357webdriver-profile/extensions/fxdriver@googlecode.com/components/synthetic-mouse.js:10790)
	at &lt;anonymous class&gt;.SyntheticMouse.prototype.click(file:///C:/Users/DENISL~1/AppData/Local/Temp/anonymous7105312307712518357webdriver-profile/extensions/fxdriver@googlecode.com/components/synthetic-mouse.js:11206)
	at &lt;anonymous class&gt;.WebElement.clickElement(file:///C:/Users/DENISL~1/AppData/Local/Temp/anonymous7105312307712518357webdriver-profile/extensions/fxdriver@googlecode.com/components/command-processor.js:12088)
	at &lt;anonymous class&gt;.DelayedCommand.prototype.executeInternal_/h(file:///C:/Users/DENISL~1/AppData/Local/Temp/anonymous7105312307712518357webdriver-profile/extensions/fxdriver@googlecode.com/components/command-processor.js:12661)
	at &lt;anonymous class&gt;.DelayedCommand.prototype.executeInternal_(file:///C:/Users/DENISL~1/AppData/Local/Temp/anonymous7105312307712518357webdriver-profile/extensions/fxdriver@googlecode.com/components/command-processor.js:12666)
	at &lt;anonymous class&gt;.DelayedCommand.prototype.execute/&lt;(file:///C:/Users/DENISL~1/AppData/Local/Temp/anonymous7105312307712518357webdriver-profile/extensions/fxdriver@googlecode.com/components/command-processor.js:12608)
</pre></div></td>
<td>691</td>
<td>GroupCalc.Calculator.test.Div2Operands@6a192cfe</td></tr>
</table><p>
</body>
</html>